<?xml version="1.0" encoding="UTF-8"?>
<testsuite xmlns:xsi="http://www.w3.org/2001/XMLSchema-instance" xsi:noNamespaceSchemaLocation="https://maven.apache.org/surefire/maven-surefire-plugin/xsd/surefire-test-report.xsd" name="stepDefinitions.TestRunner" time="43.115" tests="1" errors="1" skipped="0" failures="0">
  <properties>
[...]
</properties>
  <testcase name="Verify the Car Rental component" classname="Test and Verify the Dashboard and three main components such as Flight, Hotels and Car Rentals" time="42.144">
    <error message="An element could not be located on the page using the given search parameters.&#10;For documentation on this error, please visit: https://www.seleniumhq.org/exceptions/no_such_element.html&#10;Build info: version: &apos;3.141.59&apos;, revision: &apos;e82be7d358&apos;, time: &apos;2018-11-14T08:17:03&apos;&#10;System info: host: &apos;DESKTOP-PG3K8RC&apos;, ip: &apos;192.168.42.35&apos;, os.name: &apos;Windows 10&apos;, os.arch: &apos;amd64&apos;, os.version: &apos;10.0&apos;, java.version: &apos;17.0.2&apos;&#10;Driver info: io.appium.java_client.AppiumDriver&#10;Capabilities {appActivity: net.skyscanner.shell.ui.act..., appPackage: net.skyscanner.android.main, databaseEnabled: false, desired: {appActivity: net.skyscanner.shell.ui.act..., appPackage: net.skyscanner.android.main, deviceName: POCO C3, platformName: android, platformVersion: 10, udid: 9PGMMRIVMNYPQWOJ}, deviceApiLevel: 29, deviceManufacturer: Xiaomi, deviceModel: M2006C3MI, deviceName: 9PGMMRIVMNYPQWOJ, deviceScreenDensity: 320, deviceScreenSize: 720x1600, deviceUDID: 9PGMMRIVMNYPQWOJ, javascriptEnabled: true, locationContextEnabled: false, networkConnectionEnabled: true, pixelRatio: 2, platform: LINUX, platformName: Android, platformVersion: 10, statBarHeight: 55, takesScreenshot: true, udid: 9PGMMRIVMNYPQWOJ, viewportRect: {height: 1394, left: 0, top: 55, width: 720}, warnings: {}, webStorageEnabled: false}&#10;Session ID: a519c818-17a2-4e0b-a168-d4284ab894e5&#10;*** Element info: {Using=xpath, value=//android.widget.ImageView[@content-desc=&apos;Car Rental&apos;]}" type="org.openqa.selenium.NoSuchElementException">org.openqa.selenium.NoSuchElementException: 
An element could not be located on the page using the given search parameters.
For documentation on this error, please visit: https://www.seleniumhq.org/exceptions/no_such_element.html
Build info: version: '3.141.59', revision: 'e82be7d358', time: '2018-11-14T08:17:03'
System info: host: 'DESKTOP-PG3K8RC', ip: '192.168.42.35', os.name: 'Windows 10', os.arch: 'amd64', os.version: '10.0', java.version: '17.0.2'
Driver info: io.appium.java_client.AppiumDriver
Capabilities {appActivity: net.skyscanner.shell.ui.act..., appPackage: net.skyscanner.android.main, databaseEnabled: false, desired: {appActivity: net.skyscanner.shell.ui.act..., appPackage: net.skyscanner.android.main, deviceName: POCO C3, platformName: android, platformVersion: 10, udid: 9PGMMRIVMNYPQWOJ}, deviceApiLevel: 29, deviceManufacturer: Xiaomi, deviceModel: M2006C3MI, deviceName: 9PGMMRIVMNYPQWOJ, deviceScreenDensity: 320, deviceScreenSize: 720x1600, deviceUDID: 9PGMMRIVMNYPQWOJ, javascriptEnabled: true, locationContextEnabled: false, networkConnectionEnabled: true, pixelRatio: 2, platform: LINUX, platformName: Android, platformVersion: 10, statBarHeight: 55, takesScreenshot: true, udid: 9PGMMRIVMNYPQWOJ, viewportRect: {height: 1394, left: 0, top: 55, width: 720}, warnings: {}, webStorageEnabled: false}
Session ID: a519c818-17a2-4e0b-a168-d4284ab894e5
*** Element info: {Using=xpath, value=//android.widget.ImageView[@content-desc='Car Rental']}
</error>
    <system-out><![CDATA[Navigated to Dashboard screen
]]></system-out>
    <system-err><![CDATA[Aug 18, 2022 12:18:26 AM io.appium.java_client.remote.AppiumCommandExecutor$1 lambda$0
INFO: Detected dialect: W3C
]]></system-err>
  </testcase>
</testsuite>