<?xml version="1.0" encoding="UTF-8"?>
<testng-results ignored="0" total="1" passed="1" failed="0" skipped="0">
  <reporter-output>
  </reporter-output>
  <suite started-at="2022-08-13T18:06:43 IST" name="Default suite" finished-at="2022-08-13T18:06:43 IST" duration-ms="63">
    <groups>
    </groups>
    <test started-at="2022-08-13T18:06:43 IST" name="Default test" finished-at="2022-08-13T18:06:43 IST" duration-ms="63">
      <class name="config.BaseDriver">
        <test-method signature="setupEnvironment()[pri:0, instance:config.BaseDriver@74751b3]" started-at="2022-08-13T18:06:43 IST" name="setupEnvironment" finished-at="2022-08-13T18:06:43 IST" duration-ms="10" status="PASS">
          <reporter-output>
          </reporter-output>
        </test-method> <!-- setupEnvironment -->
      </class> <!-- config.BaseDriver -->
    </test> <!-- Default test -->
  </suite> <!-- Default suite -->
</testng-results>
